adr-tools
awk
azure-cli
azure/kubelogin/kubelogin
ffmpeg
git
git-lfs
gnupg
grep
grpcurl
helm
httpie
imagemagick
ipcalc
itchyny/tap/base58
kaos/shell/bats-assert
kind
krew
ktlint
kubectx
kustomize
mike-engel/jwt-cli/jwt-cli
mkdocs
moreutils
ossp-uuid
pinentry-mac
plantuml
pre-commit
pyenv
python-yq
romkatv/powerlevel10k/powerlevel10k
sdkman/tap/sdkman-cli
shellcheck
sops
stern
stow
terraform-docs
tfenv
tree
watch
wget
ykman
zsh
docker
git-credential-manager-core
gpg-suite-pinentry
iterm2
jetbrains-toolbox
microsoft-teams
